Gauntlet: bots/Hades2 vs 2 opponent(s), 20 maps, 1 seed(s)
Total matches: 80
Threads: 12

  [1/80] default_small2 (seed 1) | bots/Hades2 as GOLD vs bots/Hades: L -> bots/Hades (T815) [39.9s] | total: 0W-1L-0D
  [2/80] default_small2 (seed 1) | bots/Hades2 as SILVER vs bots/Hades: L -> bots/Hades (T788) [40.9s] | total: 0W-2L-0D
  [3/80] cold (seed 1) | bots/Hades2 as SILVER vs bots/Hades: L -> bots/Hades (T1086) [44.4s] | total: 0W-3L-0D
  [4/80] hooks (seed 1) | bots/Hades2 as GOLD vs bots/Hades: L -> bots/Hades (T186) [4.1s] | total: 0W-4L-0D
  [5/80] custom_map (seed 1) | bots/Hades2 as SILVER vs bots/Hades: W -> bots/Hades2 (T499) [51.5s] | total: 1W-4L-0D
  [6/80] hooks (seed 1) | bots/Hades2 as SILVER vs bots/Hades: W -> bots/Hades2 (T187) [3.6s] | total: 2W-4L-0D
  [7/80] chemistry_class (seed 1) | bots/Hades2 as SILVER vs bots/Hades: W -> bots/Hades2 (T657) [52.3s] | total: 3W-4L-0D
  [8/80] cold (seed 1) | bots/Hades2 as GOLD vs bots/Hades: W -> bots/Hades2 (T1215) [53.8s] | total: 4W-4L-0D
  [9/80] dna (seed 1) | bots/Hades2 as SILVER vs bots/Hades: L -> bots/Hades (T551) [36.0s] | total: 4W-5L-0D
  [10/80] perch_point (seed 1) | bots/Hades2 as SILVER vs bots/Hades: W -> bots/Hades2 (T652) [37.4s] | total: 5W-5L-0D
  [11/80] climbing_wall (seed 1) | bots/Hades2 as SILVER vs bots/Hades: W -> bots/Hades2 (T2000) [99.9s] | total: 6W-5L-0D
  [12/80] custom_map (seed 1) | bots/Hades2 as GOLD vs bots/Hades: W -> bots/Hades2 (T859) [117.7s] | total: 7W-5L-0D
  [13/80] landscape (seed 1) | bots/Hades2 as GOLD vs bots/Hades: L -> bots/Hades (T2000) [69.4s] | total: 7W-6L-0D
  [14/80] perch_point (seed 1) | bots/Hades2 as GOLD vs bots/Hades: W -> bots/Hades2 (T1158) [89.4s] | total: 8W-6L-0D
  [15/80] climbing_wall (seed 1) | bots/Hades2 as GOLD vs bots/Hades: L -> bots/Hades (T1479) [167.9s] | total: 8W-7L-0D
  [16/80] landscape (seed 1) | bots/Hades2 as SILVER vs bots/Hades: L -> bots/Hades (T2000) [119.1s] | total: 8W-8L-0D
  [17/80] rush_bait (seed 1) | bots/Hades2 as GOLD vs bots/Hades: L -> bots/Hades (T2000) [97.7s] | total: 8W-9L-0D
  [18/80] dna (seed 1) | bots/Hades2 as GOLD vs bots/Hades: W -> bots/Hades2 (T1650) [214.3s] | total: 9W-9L-0D
  [19/80] rush_bait (seed 1) | bots/Hades2 as SILVER vs bots/Hades: L -> bots/Hades (T2000) [143.4s] | total: 9W-10L-0D
  [20/80] pixel_forest (seed 1) | bots/Hades2 as SILVER vs bots/Hades: W -> bots/Hades2 (T2000) [187.4s] | total: 10W-10L-0D
  [21/80] pixel_forest (seed 1) | bots/Hades2 as GOLD vs bots/Hades: L -> bots/Hades (T2000) [220.1s] | total: 10W-11L-0D
  [22/80] chemistry_class (seed 1) | bots/Hades2 as GOLD: ERROR [300.0s]
  [23/80] craters (seed 1) | bots/Hades2 as SILVER: ERROR [300.0s]
  [24/80] craters (seed 1) | bots/Hades2 as GOLD: ERROR [300.0s]
  [25/80] shish_kebab (seed 1) | bots/Hades2 as SILVER vs bots/Hades: W -> bots/Hades2 (T2000) [159.9s] | total: 11W-11L-0D
  [26/80] wall (seed 1) | bots/Hades2 as GOLD vs bots/Hades: L -> bots/Hades (T167) [4.8s] | total: 11W-12L-0D
  [27/80] shish_kebab (seed 1) | bots/Hades2 as GOLD vs bots/Hades: W -> bots/Hades2 (T2000) [189.6s] | total: 12W-12L-0D
  [28/80] the_powerful_egg (seed 1) | bots/Hades2 as SILVER vs bots/Hades: W -> bots/Hades2 (T544) [41.2s] | total: 13W-12L-0D
  [29/80] the_great_divide (seed 1) | bots/Hades2 as GOLD vs bots/Hades: W -> bots/Hades2 (T2000) [124.9s] | total: 14W-12L-0D
  [30/80] the_powerful_egg (seed 1) | bots/Hades2 as GOLD vs bots/Hades: L -> bots/Hades (T1224) [111.9s] | total: 14W-13L-0D
  [31/80] wall (seed 1) | bots/Hades2 as SILVER vs bots/Hades: W -> bots/Hades2 (T2000) [82.9s] | total: 15W-13L-0D
  [32/80] wasteland_oasis (seed 1) | bots/Hades2 as SILVER vs bots/Hades: L -> bots/Hades (T1373) [95.4s] | total: 15W-14L-0D
  [33/80] climbing_wall (seed 1) | bots/Hades2 as GOLD vs bots/Lethe: W -> bots/Hades2 (T636) [34.3s] | total: 16W-14L-0D
  [34/80] the_great_divide (seed 1) | bots/Hades2 as SILVER vs bots/Hades: L -> bots/Hades (T2000) [170.1s] | total: 16W-15L-0D
  [35/80] chemistry_class (seed 1) | bots/Hades2 as SILVER vs bots/Lethe: L -> bots/Lethe (T2000) [57.9s] | total: 16W-16L-0D
  [36/80] climbing_wall (seed 1) | bots/Hades2 as SILVER vs bots/Lethe: L -> bots/Lethe (T652) [36.1s] | total: 16W-17L-0D
  [37/80] shrub (seed 1) | bots/Hades2 as GOLD vs bots/Hades: W -> bots/Hades2 (T2000) [275.6s] | total: 17W-17L-0D
  [38/80] wasteland_oasis (seed 1) | bots/Hades2 as GOLD vs bots/Hades: W -> bots/Hades2 (T2000) [149.6s] | total: 18W-17L-0D
  [39/80] shrub (seed 1) | bots/Hades2 as SILVER vs bots/Hades: W -> bots/Hades2 (T2000) [288.6s] | total: 19W-17L-0D
  [40/80] custom_map (seed 1) | bots/Hades2 as SILVER vs bots/Lethe: W -> bots/Hades2 (T288) [11.6s] | total: 20W-17L-0D
  [41/80] tiles (seed 1) | bots/Hades2 as GOLD vs bots/Hades: W -> bots/Hades2 (T2000) [167.1s] | total: 21W-17L-0D
  [42/80] dna (seed 1) | bots/Hades2 as GOLD vs bots/Lethe: W -> bots/Hades2 (T188) [4.7s] | total: 22W-17L-0D
  [43/80] window_shopping (seed 1) | bots/Hades2 as GOLD vs bots/Hades: L -> bots/Hades (T2000) [164.2s] | total: 22W-18L-0D
  [44/80] craters (seed 1) | bots/Hades2 as SILVER vs bots/Lethe: W -> bots/Hades2 (T365) [38.4s] | total: 23W-18L-0D
  [45/80] tiles (seed 1) | bots/Hades2 as SILVER vs bots/Hades: L -> bots/Hades (T2000) [176.6s] | total: 23W-19L-0D
  [46/80] hooks (seed 1) | bots/Hades2 as GOLD vs bots/Lethe: L -> bots/Lethe (T140) [3.0s] | total: 23W-20L-0D
  [47/80] default_small2 (seed 1) | bots/Hades2 as GOLD vs bots/Lethe: W -> bots/Hades2 (T441) [20.8s] | total: 24W-20L-0D
  [48/80] default_small2 (seed 1) | bots/Hades2 as SILVER vs bots/Lethe: W -> bots/Hades2 (T610) [31.6s] | total: 25W-20L-0D
  [49/80] window_shopping (seed 1) | bots/Hades2 as SILVER vs bots/Hades: W -> bots/Hades2 (T2000) [178.2s] | total: 26W-20L-0D
  [50/80] perch_point (seed 1) | bots/Hades2 as GOLD vs bots/Lethe: L -> bots/Lethe (T641) [32.6s] | total: 26W-21L-0D
  [51/80] perch_point (seed 1) | bots/Hades2 as SILVER vs bots/Lethe: W -> bots/Hades2 (T408) [19.0s] | total: 27W-21L-0D
  [52/80] chemistry_class (seed 1) | bots/Hades2 as GOLD vs bots/Lethe: W -> bots/Hades2 (T1996) [193.2s] | total: 28W-21L-0D
  [53/80] custom_map (seed 1) | bots/Hades2 as GOLD vs bots/Lethe: W -> bots/Hades2 (T685) [78.6s] | total: 29W-21L-0D
  [54/80] cold (seed 1) | bots/Hades2 as SILVER vs bots/Lethe: L -> bots/Lethe (T2000) [99.3s] | total: 29W-22L-0D
  [55/80] landscape (seed 1) | bots/Hades2 as GOLD vs bots/Lethe: L -> bots/Lethe (T2000) [60.3s] | total: 29W-23L-0D
  [56/80] dna (seed 1) | bots/Hades2 as SILVER vs bots/Lethe: W -> bots/Hades2 (T1110) [85.5s] | total: 30W-23L-0D
  [57/80] shrub (seed 1) | bots/Hades2 as GOLD vs bots/Lethe: W -> bots/Hades2 (T531) [33.6s] | total: 31W-23L-0D
  [58/80] cold (seed 1) | bots/Hades2 as GOLD vs bots/Lethe: W -> bots/Hades2 (T2000) [177.2s] | total: 32W-23L-0D
  [59/80] landscape (seed 1) | bots/Hades2 as SILVER vs bots/Lethe: W -> bots/Hades2 (T2000) [118.1s] | total: 33W-23L-0D
  [60/80] shrub (seed 1) | bots/Hades2 as SILVER vs bots/Lethe: W -> bots/Hades2 (T1019) [47.3s] | total: 34W-23L-0D
  [61/80] rush_bait (seed 1) | bots/Hades2 as GOLD vs bots/Lethe: W -> bots/Hades2 (T2000) [126.6s] | total: 35W-23L-0D
  [62/80] the_powerful_egg (seed 1) | bots/Hades2 as GOLD vs bots/Lethe: L -> bots/Lethe (T575) [44.5s] | total: 35W-24L-0D
  [63/80] pixel_forest (seed 1) | bots/Hades2 as GOLD vs bots/Lethe: L -> bots/Lethe (T2000) [158.4s] | total: 35W-25L-0D
  [64/80] shish_kebab (seed 1) | bots/Hades2 as GOLD vs bots/Lethe: W -> bots/Hades2 (T2000) [134.8s] | total: 36W-25L-0D
  [65/80] wall (seed 1) | bots/Hades2 as SILVER vs bots/Lethe: W -> bots/Hades2 (T193) [4.5s] | total: 37W-25L-0D
  [66/80] craters (seed 1) | bots/Hades2 as GOLD vs bots/Lethe: W -> bots/Hades2 (T1251) [250.3s] | total: 38W-25L-0D
  [67/80] the_great_divide (seed 1) | bots/Hades2 as GOLD vs bots/Lethe: W -> bots/Hades2 (T2000) [120.4s] | total: 39W-25L-0D
  [68/80] shish_kebab (seed 1) | bots/Hades2 as SILVER vs bots/Lethe: W -> bots/Hades2 (T2000) [167.4s] | total: 40W-25L-0D
  [69/80] wall (seed 1) | bots/Hades2 as GOLD vs bots/Lethe: W -> bots/Hades2 (T1611) [45.3s] | total: 41W-25L-0D
  [70/80] window_shopping (seed 1) | bots/Hades2 as GOLD vs bots/Lethe: L -> bots/Lethe (T483) [18.5s] | total: 41W-26L-0D
  [71/80] rush_bait (seed 1) | bots/Hades2 as SILVER vs bots/Lethe: L -> bots/Lethe (T2000) [194.1s] | total: 41W-27L-0D
  [72/80] pixel_forest (seed 1) | bots/Hades2 as SILVER vs bots/Lethe: W -> bots/Hades2 (T2000) [201.3s] | total: 42W-27L-0D
  [73/80] tiles (seed 1) | bots/Hades2 as GOLD vs bots/Lethe: L -> bots/Lethe (T2000) [79.3s] | total: 42W-28L-0D
  [74/80] hooks (seed 1) | bots/Hades2 as SILVER vs bots/Lethe: W -> bots/Hades2 (T2000) [249.4s] | total: 43W-28L-0D
  [75/80] the_great_divide (seed 1) | bots/Hades2 as SILVER vs bots/Lethe: W -> bots/Hades2 (T2000) [157.1s] | total: 44W-28L-0D
  [76/80] wasteland_oasis (seed 1) | bots/Hades2 as SILVER vs bots/Lethe: W -> bots/Hades2 (T2000) [82.4s] | total: 45W-28L-0D
  [77/80] tiles (seed 1) | bots/Hades2 as SILVER vs bots/Lethe: W -> bots/Hades2 (T2000) [126.4s] | total: 46W-28L-0D
  [78/80] the_powerful_egg (seed 1) | bots/Hades2 as SILVER vs bots/Lethe: W -> bots/Hades2 (T2000) [190.9s] | total: 47W-28L-0D
  [79/80] wasteland_oasis (seed 1) | bots/Hades2 as GOLD vs bots/Lethe: W -> bots/Hades2 (T2000) [137.7s] | total: 48W-28L-0D
  [80/80] window_shopping (seed 1) | bots/Hades2 as SILVER vs bots/Lethe: W -> bots/Hades2 (T2000) [147.2s] | total: 49W-28L-0D
Completed in 838.1s

=====================================================================================
  GAUNTLET LEADERBOARD
=====================================================================================
    #  Bot              ELO     W     L     D      WR    AvgT   Err
  ---  -----------      ---    --    --    --      --    ----   ---
    1  bots/Hades2   1624.1    49    28     0   63.6%    1388     3
    2  bots/Hades    1474.7    17    20     0   45.9%    1435     3
    3  bots/Lethe    1401.2    11    29     0   27.5%    1346     0

==========================================================================================
  HEAD-TO-HEAD  (p = one-sided binomial test that main bot is better; lower = stronger)
==========================================================================================
  Main Bot     vs  Opponent        W     L     D         p
  -----------  --  -----------    --    --    --    ------
  bots/Hades2  vs  bots/Lethe     29    11     0    0.0032
  bots/Hades2  vs  bots/Hades     20    17     0    0.3714

================================================================================
  PAIR BREAKDOWN for bots/Hades2 (one pair = both sides on same map+seed)
================================================================================
  Opponent      2-0    1-1    0-2    D?   Pairs   PairWR
  ----------    ---    ---    ---    --   -----   ------
  bots/Hades      4     11      3     0      18    52.8%
  bots/Lethe      9     11      0     0      20    72.5%

============================================================
  SIDE BREAKDOWN for bots/Hades2
============================================================
  Side           W     L     D   Total      WR
  ----------    --    --    --   -----    ----
  GOLD (A)      22    16     0      38   57.9%
  SILVER (B)    27    12     0      39   69.2%
