Gauntlet: bots/Hades2_v5 vs 2 opponent(s), 20 maps, 1 seed(s)
Total matches: 80
Threads: 12

  [1/80] bear_of_doom (seed 1) | bots/Hades2_v5 as SILVER vs bots/Hades: L -> bots/Hades (T421) [9.5s] | total: 0W-1L-0D
  [2/80] bear_of_doom (seed 1) | bots/Hades2_v5 as GOLD vs bots/Hades: W -> bots/Hades2_v5 (T724) [16.0s] | total: 1W-1L-0D
  [3/80] default_large1 (seed 1) | bots/Hades2_v5 as GOLD vs bots/Hades: L -> bots/Hades (T541) [27.3s] | total: 1W-2L-0D
  [4/80] dna (seed 1) | bots/Hades2_v5 as SILVER vs bots/Hades: L -> bots/Hades (T372) [18.8s] | total: 1W-3L-0D
  [5/80] donut (seed 1) | bots/Hades2_v5 as SILVER vs bots/Hades: L -> bots/Hades (T306) [14.9s] | total: 1W-4L-0D
  [6/80] bar_chart (seed 1) | bots/Hades2_v5 as GOLD vs bots/Hades: W -> bots/Hades2_v5 (T2000) [103.0s] | total: 2W-4L-0D
  [7/80] arena (seed 1) | bots/Hades2_v5 as SILVER vs bots/Hades: W -> bots/Hades2_v5 (T2000) [129.4s] | total: 3W-4L-0D
  [8/80] bar_chart (seed 1) | bots/Hades2_v5 as SILVER vs bots/Hades: L -> bots/Hades (T2000) [146.9s] | total: 3W-5L-0D
  [9/80] default_medium2 (seed 1) | bots/Hades2_v5 as GOLD vs bots/Hades: L -> bots/Hades (T2000) [147.8s] | total: 3W-6L-0D
  [10/80] arena (seed 1) | bots/Hades2_v5 as GOLD vs bots/Hades: L -> bots/Hades (T2000) [153.8s] | total: 3W-7L-0D
  [11/80] face (seed 1) | bots/Hades2_v5 as GOLD vs bots/Hades: W -> bots/Hades2_v5 (T433) [11.5s] | total: 4W-7L-0D
  [12/80] default_medium2 (seed 1) | bots/Hades2_v5 as SILVER vs bots/Hades: L -> bots/Hades (T2000) [180.5s] | total: 4W-8L-0D
  [13/80] face (seed 1) | bots/Hades2_v5 as SILVER vs bots/Hades: W -> bots/Hades2_v5 (T961) [35.8s] | total: 5W-8L-0D
  [14/80] empty (seed 1) | bots/Hades2_v5 as GOLD vs bots/Hades: L -> bots/Hades (T2000) [61.6s] | total: 5W-9L-0D
  [15/80] hooks (seed 1) | bots/Hades2_v5 as SILVER vs bots/Hades: W -> bots/Hades2_v5 (T187) [3.5s] | total: 6W-9L-0D
  [16/80] default_large1 (seed 1) | bots/Hades2_v5 as SILVER vs bots/Hades: W -> bots/Hades2_v5 (T2000) [200.1s] | total: 7W-9L-0D
  [17/80] dna (seed 1) | bots/Hades2_v5 as GOLD vs bots/Hades: L -> bots/Hades (T2000) [198.5s] | total: 7W-10L-0D
  [18/80] empty (seed 1) | bots/Hades2_v5 as SILVER vs bots/Hades: W -> bots/Hades2_v5 (T2000) [62.0s] | total: 8W-10L-0D
  [19/80] donut (seed 1) | bots/Hades2_v5 as GOLD vs bots/Hades: L -> bots/Hades (T2000) [184.9s] | total: 8W-11L-0D
  [20/80] drawing_circles_is_hard (seed 1) | bots/Hades2_v5 as GOLD vs bots/Hades: W -> bots/Hades2_v5 (T2000) [180.7s] | total: 9W-11L-0D
  [21/80] drawing_circles_is_hard (seed 1) | bots/Hades2_v5 as SILVER vs bots/Hades: L -> bots/Hades (T2000) [147.8s] | total: 9W-12L-0D
  [22/80] craters (seed 1) | bots/Hades2_v5 as GOLD: ERROR [300.0s]
  [23/80] craters (seed 1) | bots/Hades2_v5 as SILVER: ERROR [300.1s]
  [24/80] starry_night (seed 1) | bots/Hades2_v5 as GOLD vs bots/Hades: W -> bots/Hades2_v5 (T2000) [61.5s] | total: 10W-12L-0D
  [25/80] pixel_forest (seed 1) | bots/Hades2_v5 as SILVER vs bots/Hades: L -> bots/Hades (T1444) [152.3s] | total: 10W-13L-0D
  [26/80] hooks (seed 1) | bots/Hades2_v5 as GOLD vs bots/Hades: L -> bots/Hades (T2000) [176.2s] | total: 10W-14L-0D
  [27/80] strings (seed 1) | bots/Hades2_v5 as SILVER vs bots/Hades: W -> bots/Hades2_v5 (T852) [72.2s] | total: 11W-14L-0D
  [28/80] the_great_divide (seed 1) | bots/Hades2_v5 as GOLD vs bots/Hades: W -> bots/Hades2_v5 (T594) [27.7s] | total: 12W-14L-0D
  [29/80] flappy_bird (seed 1) | bots/Hades2_v5 as GOLD vs bots/Hades: L -> bots/Hades (T2000) [244.9s] | total: 12W-15L-0D
  [30/80] arena (seed 1) | bots/Hades2_v5 as GOLD vs bots/Lethe: L -> bots/Lethe (T85) [2.4s] | total: 12W-16L-0D
  [31/80] flappy_bird (seed 1) | bots/Hades2_v5 as SILVER vs bots/Hades: L -> bots/Hades (T2000) [229.7s] | total: 12W-17L-0D
  [32/80] arena (seed 1) | bots/Hades2_v5 as SILVER vs bots/Lethe: L -> bots/Lethe (T205) [6.5s] | total: 12W-18L-0D
  [33/80] starry_night (seed 1) | bots/Hades2_v5 as SILVER vs bots/Hades: L -> bots/Hades (T2000) [129.8s] | total: 12W-19L-0D
  [34/80] bear_of_doom (seed 1) | bots/Hades2_v5 as GOLD vs bots/Lethe: W -> bots/Hades2_v5 (T331) [7.5s] | total: 13W-19L-0D
  [35/80] pixel_forest (seed 1) | bots/Hades2_v5 as GOLD vs bots/Hades: W -> bots/Hades2_v5 (T2000) [237.2s] | total: 14W-19L-0D
  [36/80] labyrinth (seed 1) | bots/Hades2_v5 as GOLD: ERROR [300.0s]
  [37/80] strings (seed 1) | bots/Hades2_v5 as GOLD vs bots/Hades: L -> bots/Hades (T2000) [195.0s] | total: 14W-20L-0D
  [38/80] labyrinth (seed 1) | bots/Hades2_v5 as SILVER: ERROR [300.0s]
  [39/80] default_large1 (seed 1) | bots/Hades2_v5 as GOLD vs bots/Lethe: W -> bots/Hades2_v5 (T308) [9.1s] | total: 15W-20L-0D
  [40/80] pong (seed 1) | bots/Hades2_v5 as GOLD: ERROR [300.0s]
  [41/80] we_love_tetris (seed 1) | bots/Hades2_v5 as SILVER vs bots/Hades: L -> bots/Hades (T2000) [127.6s] | total: 15W-21L-0D
  [42/80] craters (seed 1) | bots/Hades2_v5 as GOLD vs bots/Lethe: W -> bots/Hades2_v5 (T529) [74.0s] | total: 16W-21L-0D
  [43/80] dna (seed 1) | bots/Hades2_v5 as GOLD vs bots/Lethe: W -> bots/Hades2_v5 (T188) [4.6s] | total: 17W-21L-0D
  [44/80] bear_of_doom (seed 1) | bots/Hades2_v5 as SILVER vs bots/Lethe: W -> bots/Hades2_v5 (T2000) [91.2s] | total: 18W-21L-0D
  [45/80] pong (seed 1) | bots/Hades2_v5 as SILVER: ERROR [300.0s]
  [46/80] craters (seed 1) | bots/Hades2_v5 as SILVER vs bots/Lethe: W -> bots/Hades2_v5 (T381) [38.2s] | total: 19W-21L-0D
  [47/80] drawing_circles_is_hard (seed 1) | bots/Hades2_v5 as SILVER vs bots/Lethe: W -> bots/Hades2_v5 (T238) [4.3s] | total: 20W-21L-0D
  [48/80] dna (seed 1) | bots/Hades2_v5 as SILVER vs bots/Lethe: L -> bots/Lethe (T387) [18.9s] | total: 20W-22L-0D
  [49/80] the_great_divide (seed 1) | bots/Hades2_v5 as SILVER vs bots/Hades: L -> bots/Hades (T2000) [186.6s] | total: 20W-23L-0D
  [50/80] drawing_circles_is_hard (seed 1) | bots/Hades2_v5 as GOLD vs bots/Lethe: W -> bots/Hades2_v5 (T791) [31.9s] | total: 21W-23L-0D
  [51/80] we_love_tetris (seed 1) | bots/Hades2_v5 as GOLD vs bots/Hades: W -> bots/Hades2_v5 (T2000) [180.8s] | total: 22W-23L-0D
  [52/80] face (seed 1) | bots/Hades2_v5 as SILVER vs bots/Lethe: W -> bots/Hades2_v5 (T1208) [23.1s] | total: 23W-23L-0D
  [53/80] donut (seed 1) | bots/Hades2_v5 as SILVER vs bots/Lethe: W -> bots/Hades2_v5 (T1141) [65.6s] | total: 24W-23L-0D
  [54/80] empty (seed 1) | bots/Hades2_v5 as GOLD vs bots/Lethe: L -> bots/Lethe (T2000) [59.3s] | total: 24W-24L-0D
  [55/80] hooks (seed 1) | bots/Hades2_v5 as GOLD vs bots/Lethe: L -> bots/Lethe (T140) [2.7s] | total: 24W-25L-0D
  [56/80] empty (seed 1) | bots/Hades2_v5 as SILVER vs bots/Lethe: W -> bots/Hades2_v5 (T2000) [61.3s] | total: 25W-25L-0D
  [57/80] hooks (seed 1) | bots/Hades2_v5 as SILVER vs bots/Lethe: L -> bots/Lethe (T351) [14.8s] | total: 25W-26L-0D
  [58/80] bar_chart (seed 1) | bots/Hades2_v5 as GOLD vs bots/Lethe: W -> bots/Hades2_v5 (T2000) [203.4s] | total: 26W-26L-0D
  [59/80] default_medium2 (seed 1) | bots/Hades2_v5 as GOLD vs bots/Lethe: W -> bots/Hades2_v5 (T2000) [114.4s] | total: 27W-26L-0D
  [60/80] default_large1 (seed 1) | bots/Hades2_v5 as SILVER vs bots/Lethe: W -> bots/Hades2_v5 (T2000) [130.5s] | total: 28W-26L-0D
  [61/80] bar_chart (seed 1) | bots/Hades2_v5 as SILVER vs bots/Lethe: W -> bots/Hades2_v5 (T2000) [220.7s] | total: 29W-26L-0D
  [62/80] default_medium2 (seed 1) | bots/Hades2_v5 as SILVER vs bots/Lethe: W -> bots/Hades2_v5 (T2000) [132.4s] | total: 30W-26L-0D
  [63/80] face (seed 1) | bots/Hades2_v5 as GOLD vs bots/Lethe: W -> bots/Hades2_v5 (T2000) [102.1s] | total: 31W-26L-0D
  [64/80] donut (seed 1) | bots/Hades2_v5 as GOLD vs bots/Lethe: W -> bots/Hades2_v5 (T2000) [155.8s] | total: 32W-26L-0D
  [65/80] strings (seed 1) | bots/Hades2_v5 as GOLD vs bots/Lethe: W -> bots/Hades2_v5 (T562) [31.9s] | total: 33W-26L-0D
  [66/80] starry_night (seed 1) | bots/Hades2_v5 as GOLD vs bots/Lethe: L -> bots/Lethe (T2000) [72.6s] | total: 33W-27L-0D
  [67/80] starry_night (seed 1) | bots/Hades2_v5 as SILVER vs bots/Lethe: L -> bots/Lethe (T2000) [78.7s] | total: 33W-28L-0D
  [68/80] pixel_forest (seed 1) | bots/Hades2_v5 as GOLD vs bots/Lethe: W -> bots/Hades2_v5 (T2000) [116.5s] | total: 34W-28L-0D
  [69/80] strings (seed 1) | bots/Hades2_v5 as SILVER vs bots/Lethe: L -> bots/Lethe (T788) [58.2s] | total: 34W-29L-0D
  [70/80] flappy_bird (seed 1) | bots/Hades2_v5 as GOLD vs bots/Lethe: W -> bots/Hades2_v5 (T2000) [179.9s] | total: 35W-29L-0D
  [71/80] pixel_forest (seed 1) | bots/Hades2_v5 as SILVER vs bots/Lethe: W -> bots/Hades2_v5 (T2000) [160.6s] | total: 36W-29L-0D
  [72/80] flappy_bird (seed 1) | bots/Hades2_v5 as SILVER vs bots/Lethe: L -> bots/Lethe (T2000) [192.2s] | total: 36W-30L-0D
  [73/80] the_great_divide (seed 1) | bots/Hades2_v5 as GOLD vs bots/Lethe: W -> bots/Hades2_v5 (T2000) [141.5s] | total: 37W-30L-0D
  [74/80] the_great_divide (seed 1) | bots/Hades2_v5 as SILVER vs bots/Lethe: W -> bots/Hades2_v5 (T2000) [149.4s] | total: 38W-30L-0D
  [75/80] we_love_tetris (seed 1) | bots/Hades2_v5 as GOLD vs bots/Lethe: W -> bots/Hades2_v5 (T2000) [134.4s] | total: 39W-30L-0D
  [76/80] we_love_tetris (seed 1) | bots/Hades2_v5 as SILVER vs bots/Lethe: W -> bots/Hades2_v5 (T2000) [147.7s] | total: 40W-30L-0D
  [77/80] labyrinth (seed 1) | bots/Hades2_v5 as GOLD: ERROR [300.0s]
  [78/80] labyrinth (seed 1) | bots/Hades2_v5 as SILVER: ERROR [300.0s]
  [79/80] pong (seed 1) | bots/Hades2_v5 as GOLD: ERROR [300.0s]
  [80/80] pong (seed 1) | bots/Hades2_v5 as SILVER: ERROR [300.0s]
Completed in 930.7s

=====================================================================================
  GAUNTLET LEADERBOARD
=====================================================================================
    #  Bot                 ELO     W     L     D      WR    AvgT   Err
  ---  --------------      ---    --    --    --      --    ----   ---
    1  bots/Hades2_v5   1569.3    40    30     0   57.1%    1435    10
    2  bots/Hades       1540.4    20    14     0   58.8%    1554     6
    3  bots/Lethe       1390.3    10    26     0   27.8%    1323     4

==========================================================================================
  HEAD-TO-HEAD  (p = one-sided binomial test that main bot is better; lower = stronger)
==========================================================================================
  Main Bot        vs  Opponent           W     L     D         p
  --------------  --  --------------    --    --    --    ------
  bots/Hades2_v5  vs  bots/Lethe        26    10     0    0.0057
  bots/Hades2_v5  vs  bots/Hades        14    20     0    0.8853

================================================================================
  PAIR BREAKDOWN for bots/Hades2_v5 (one pair = both sides on same map+seed)
================================================================================
  Opponent      2-0    1-1    0-2    D?   Pairs   PairWR
  ----------    ---    ---    ---    --   -----   ------
  bots/Hades      1     12      4     0      17    41.2%
  bots/Lethe     11      4      3     0      18    72.2%

============================================================
  SIDE BREAKDOWN for bots/Hades2_v5
============================================================
  Side           W     L     D   Total      WR
  ----------    --    --    --   -----    ----
  GOLD (A)      22    13     0      35   62.9%
  SILVER (B)    18    17     0      35   51.4%
