Gauntlet: bots/Hades2_v7 vs 2 opponent(s), 30 maps, 1 seed(s)
Total matches: 120
Threads: 12

  [1/120] chess (seed 1) | bots/Hades2_v7 as SILVER vs bots/Hades: L -> bots/Hades (T720) [49.8s] | total: 0W-1L-0D
  [2/120] chess (seed 1) | bots/Hades2_v7 as GOLD vs bots/Hades: W -> bots/Hades2_v7 (T878) [59.5s] | total: 1W-1L-0D
  [3/120] coffee (seed 1) | bots/Hades2_v7 as SILVER vs bots/Hades: L -> bots/Hades (T1013) [84.2s] | total: 1W-2L-0D
  [4/120] custom_map (seed 1) | bots/Hades2_v7 as GOLD vs bots/Hades: L -> bots/Hades (T707) [87.8s] | total: 1W-3L-0D
  [5/120] coffee (seed 1) | bots/Hades2_v7 as GOLD vs bots/Hades: L -> bots/Hades (T2000) [155.4s] | total: 1W-4L-0D
  [6/120] custom_map (seed 1) | bots/Hades2_v7 as SILVER vs bots/Hades: W -> bots/Hades2_v7 (T1118) [161.1s] | total: 2W-4L-0D
  [7/120] default_medium1 (seed 1) | bots/Hades2_v7 as SILVER vs bots/Hades: L -> bots/Hades (T2000) [204.7s] | total: 2W-5L-0D
  [8/120] default_medium1 (seed 1) | bots/Hades2_v7 as GOLD vs bots/Hades: W -> bots/Hades2_v7 (T2000) [211.5s] | total: 3W-5L-0D
  [9/120] default_medium2 (seed 1) | bots/Hades2_v7 as SILVER vs bots/Hades: W -> bots/Hades2_v7 (T2000) [186.7s] | total: 4W-5L-0D
  [10/120] default_medium2 (seed 1) | bots/Hades2_v7 as GOLD vs bots/Hades: L -> bots/Hades (T2000) [206.6s] | total: 4W-6L-0D
  [11/120] donut (seed 1) | bots/Hades2_v7 as GOLD vs bots/Hades: L -> bots/Hades (T1278) [101.8s] | total: 4W-7L-0D
  [12/120] craters (seed 1) | bots/Hades2_v7 as GOLD: ERROR [300.0s]
  [13/120] cubes (seed 1) | bots/Hades2_v7 as GOLD: ERROR [300.0s]
  [14/120] cubes (seed 1) | bots/Hades2_v7 as SILVER: ERROR [300.0s]
  [15/120] craters (seed 1) | bots/Hades2_v7 as SILVER: ERROR [300.1s]
  [16/120] empty (seed 1) | bots/Hades2_v7 as GOLD vs bots/Hades: L -> bots/Hades (T2000) [62.1s] | total: 4W-8L-0D
  [17/120] drawing_circles_is_hard (seed 1) | bots/Hades2_v7 as GOLD vs bots/Hades: L -> bots/Hades (T1528) [110.6s] | total: 4W-9L-0D
  [18/120] face (seed 1) | bots/Hades2_v7 as GOLD vs bots/Hades: L -> bots/Hades (T1950) [60.3s] | total: 4W-10L-0D
  [19/120] empty (seed 1) | bots/Hades2_v7 as SILVER vs bots/Hades: W -> bots/Hades2_v7 (T2000) [62.4s] | total: 5W-10L-0D
  [20/120] hooks (seed 1) | bots/Hades2_v7 as GOLD vs bots/Hades: L -> bots/Hades (T183) [3.9s] | total: 5W-11L-0D
  [21/120] donut (seed 1) | bots/Hades2_v7 as SILVER vs bots/Hades: L -> bots/Hades (T1906) [160.2s] | total: 5W-12L-0D
  [22/120] hooks (seed 1) | bots/Hades2_v7 as SILVER vs bots/Hades: W -> bots/Hades2_v7 (T187) [3.9s] | total: 6W-12L-0D
  [23/120] default_small1 (seed 1) | bots/Hades2_v7 as GOLD vs bots/Hades: L -> bots/Hades (T2000) [241.7s] | total: 6W-13L-0D
  [24/120] minimaze (seed 1) | bots/Hades2_v7 as GOLD vs bots/Hades: L -> bots/Hades (T127) [3.4s] | total: 6W-14L-0D
  [25/120] drawing_circles_is_hard (seed 1) | bots/Hades2_v7 as SILVER vs bots/Hades: W -> bots/Hades2_v7 (T2000) [121.4s] | total: 7W-14L-0D
  [26/120] default_small1 (seed 1) | bots/Hades2_v7 as SILVER vs bots/Hades: W -> bots/Hades2_v7 (T2000) [250.8s] | total: 8W-14L-0D
  [27/120] minimaze (seed 1) | bots/Hades2_v7 as SILVER vs bots/Hades: W -> bots/Hades2_v7 (T898) [23.2s] | total: 9W-14L-0D
  [28/120] pls_buy_cucats_merch (seed 1) | bots/Hades2_v7 as GOLD vs bots/Hades: W -> bots/Hades2_v7 (T478) [22.0s] | total: 10W-14L-0D
  [29/120] face (seed 1) | bots/Hades2_v7 as SILVER vs bots/Hades: W -> bots/Hades2_v7 (T2000) [99.6s] | total: 11W-14L-0D
  [30/120] metropolitan_dystopia (seed 1) | bots/Hades2_v7 as GOLD vs bots/Hades: L -> bots/Hades (T2000) [113.7s] | total: 11W-15L-0D
  [31/120] metropolitan_dystopia (seed 1) | bots/Hades2_v7 as SILVER vs bots/Hades: W -> bots/Hades2_v7 (T2000) [114.7s] | total: 12W-15L-0D
  [32/120] flappy_bird (seed 1) | bots/Hades2_v7 as GOLD vs bots/Hades: W -> bots/Hades2_v7 (T1366) [138.0s] | total: 13W-15L-0D
  [33/120] flappy_bird (seed 1) | bots/Hades2_v7 as SILVER vs bots/Hades: W -> bots/Hades2_v7 (T2000) [180.8s] | total: 14W-15L-0D
  [34/120] shrub (seed 1) | bots/Hades2_v7 as SILVER vs bots/Hades: W -> bots/Hades2_v7 (T725) [49.0s] | total: 15W-15L-0D
  [35/120] mandelbrot (seed 1) | bots/Hades2_v7 as SILVER vs bots/Hades: W -> bots/Hades2_v7 (T2000) [183.7s] | total: 16W-15L-0D
  [36/120] pls_buy_cucats_merch (seed 1) | bots/Hades2_v7 as SILVER vs bots/Hades: L -> bots/Hades (T2000) [169.9s] | total: 16W-16L-0D
  [37/120] mandelbrot (seed 1) | bots/Hades2_v7 as GOLD vs bots/Hades: L -> bots/Hades (T2000) [195.1s] | total: 16W-17L-0D
  [38/120] starry_night (seed 1) | bots/Hades2_v7 as GOLD vs bots/Hades: L -> bots/Hades (T537) [11.8s] | total: 16W-18L-0D
  [39/120] shish_kebab (seed 1) | bots/Hades2_v7 as SILVER vs bots/Hades: L -> bots/Hades (T1419) [81.2s] | total: 16W-19L-0D
  [40/120] shrub (seed 1) | bots/Hades2_v7 as GOLD vs bots/Hades: W -> bots/Hades2_v7 (T925) [87.0s] | total: 17W-19L-0D
  [41/120] sierpinski_evil (seed 1) | bots/Hades2_v7 as SILVER vs bots/Hades: W -> bots/Hades2_v7 (T767) [36.5s] | total: 18W-19L-0D
  [42/120] rush_bait (seed 1) | bots/Hades2_v7 as SILVER vs bots/Hades: L -> bots/Hades (T2000) [169.3s] | total: 18W-20L-0D
  [43/120] rush_bait (seed 1) | bots/Hades2_v7 as GOLD vs bots/Hades: L -> bots/Hades (T2000) [172.5s] | total: 18W-21L-0D
  [44/120] strings (seed 1) | bots/Hades2_v7 as SILVER vs bots/Hades: L -> bots/Hades (T313) [15.3s] | total: 18W-22L-0D
  [45/120] strings (seed 1) | bots/Hades2_v7 as GOLD vs bots/Hades: W -> bots/Hades2_v7 (T347) [16.5s] | total: 19W-22L-0D
  [46/120] starry_night (seed 1) | bots/Hades2_v7 as SILVER vs bots/Hades: W -> bots/Hades2_v7 (T626) [29.5s] | total: 20W-22L-0D
  [47/120] wall (seed 1) | bots/Hades2_v7 as GOLD vs bots/Hades: L -> bots/Hades (T272) [9.6s] | total: 20W-23L-0D
  [48/120] shish_kebab (seed 1) | bots/Hades2_v7 as GOLD vs bots/Hades: W -> bots/Hades2_v7 (T2000) [141.8s] | total: 21W-23L-0D
  [49/120] vase (seed 1) | bots/Hades2_v7 as GOLD vs bots/Hades: L -> bots/Hades (T905) [47.6s] | total: 21W-24L-0D
  [50/120] sierpinski_evil (seed 1) | bots/Hades2_v7 as GOLD vs bots/Hades: L -> bots/Hades (T1488) [93.1s] | total: 21W-25L-0D
  [51/120] window_shopping (seed 1) | bots/Hades2_v7 as GOLD vs bots/Hades: W -> bots/Hades2_v7 (T652) [36.3s] | total: 22W-25L-0D
  [52/120] gaussian (seed 1) | bots/Hades2_v7 as GOLD: ERROR [300.0s]
  [53/120] window_shopping (seed 1) | bots/Hades2_v7 as SILVER vs bots/Hades: W -> bots/Hades2_v7 (T1089) [58.9s] | total: 23W-25L-0D
  [54/120] chess (seed 1) | bots/Hades2_v7 as SILVER vs bots/Lethe: W -> bots/Hades2_v7 (T586) [28.1s] | total: 24W-25L-0D
  [55/120] coffee (seed 1) | bots/Hades2_v7 as SILVER vs bots/Lethe: W -> bots/Hades2_v7 (T176) [5.2s] | total: 25W-25L-0D
  [56/120] gaussian (seed 1) | bots/Hades2_v7 as SILVER: ERROR [300.0s]
  [57/120] wall (seed 1) | bots/Hades2_v7 as SILVER vs bots/Hades: W -> bots/Hades2_v7 (T2000) [77.3s] | total: 26W-25L-0D
  [58/120] coffee (seed 1) | bots/Hades2_v7 as GOLD vs bots/Lethe: L -> bots/Lethe (T958) [57.5s] | total: 26W-26L-0D
  [59/120] vase (seed 1) | bots/Hades2_v7 as SILVER vs bots/Hades: L -> bots/Hades (T2000) [111.6s] | total: 26W-27L-0D
  [60/120] custom_map (seed 1) | bots/Hades2_v7 as SILVER vs bots/Lethe: W -> bots/Hades2_v7 (T288) [11.9s] | total: 27W-27L-0D
  [61/120] cubes (seed 1) | bots/Hades2_v7 as GOLD vs bots/Lethe: W -> bots/Hades2_v7 (T715) [45.5s] | total: 28W-27L-0D
  [62/120] the_powerful_egg (seed 1) | bots/Hades2_v7 as SILVER vs bots/Hades: L -> bots/Hades (T1233) [127.9s] | total: 28W-28L-0D
  [63/120] the_powerful_egg (seed 1) | bots/Hades2_v7 as GOLD vs bots/Hades: L -> bots/Hades (T1869) [135.6s] | total: 28W-29L-0D
  [64/120] chess (seed 1) | bots/Hades2_v7 as GOLD vs bots/Lethe: W -> bots/Hades2_v7 (T1117) [80.8s] | total: 29W-29L-0D
  [65/120] craters (seed 1) | bots/Hades2_v7 as SILVER vs bots/Lethe: W -> bots/Hades2_v7 (T427) [51.8s] | total: 30W-29L-0D
  [66/120] default_small1 (seed 1) | bots/Hades2_v7 as GOLD vs bots/Lethe: W -> bots/Hades2_v7 (T315) [11.2s] | total: 31W-29L-0D
  [67/120] cubes (seed 1) | bots/Hades2_v7 as SILVER vs bots/Lethe: L -> bots/Lethe (T779) [60.0s] | total: 31W-30L-0D
  [68/120] drawing_circles_is_hard (seed 1) | bots/Hades2_v7 as GOLD vs bots/Lethe: W -> bots/Hades2_v7 (T500) [18.0s] | total: 32W-30L-0D
  [69/120] drawing_circles_is_hard (seed 1) | bots/Hades2_v7 as SILVER vs bots/Lethe: W -> bots/Hades2_v7 (T238) [4.2s] | total: 33W-30L-0D
  [70/120] default_small1 (seed 1) | bots/Hades2_v7 as SILVER vs bots/Lethe: W -> bots/Hades2_v7 (T945) [40.2s] | total: 34W-30L-0D
  [71/120] craters (seed 1) | bots/Hades2_v7 as GOLD vs bots/Lethe: W -> bots/Hades2_v7 (T645) [104.0s] | total: 35W-30L-0D
  [72/120] donut (seed 1) | bots/Hades2_v7 as SILVER vs bots/Lethe: L -> bots/Lethe (T852) [50.8s] | total: 35W-31L-0D
  [73/120] tiles (seed 1) | bots/Hades2_v7 as SILVER vs bots/Hades: L -> bots/Hades (T2000) [190.8s] | total: 35W-32L-0D
  [74/120] tiles (seed 1) | bots/Hades2_v7 as GOLD vs bots/Hades: W -> bots/Hades2_v7 (T2000) [224.4s] | total: 36W-32L-0D
  [75/120] empty (seed 1) | bots/Hades2_v7 as GOLD vs bots/Lethe: L -> bots/Lethe (T2000) [59.4s] | total: 36W-33L-0D
  [76/120] empty (seed 1) | bots/Hades2_v7 as SILVER vs bots/Lethe: W -> bots/Hades2_v7 (T2000) [61.4s] | total: 37W-33L-0D
  [77/120] default_medium2 (seed 1) | bots/Hades2_v7 as GOLD vs bots/Lethe: W -> bots/Hades2_v7 (T1862) [106.7s] | total: 38W-33L-0D
  [78/120] hooks (seed 1) | bots/Hades2_v7 as GOLD vs bots/Lethe: L -> bots/Lethe (T140) [2.9s] | total: 38W-34L-0D
  [79/120] gaussian (seed 1) | bots/Hades2_v7 as GOLD vs bots/Lethe: W -> bots/Hades2_v7 (T235) [12.9s] | total: 39W-34L-0D
  [80/120] gaussian (seed 1) | bots/Hades2_v7 as SILVER vs bots/Lethe: W -> bots/Hades2_v7 (T339) [18.4s] | total: 40W-34L-0D
  [81/120] custom_map (seed 1) | bots/Hades2_v7 as GOLD vs bots/Lethe: W -> bots/Hades2_v7 (T1031) [164.4s] | total: 41W-34L-0D
  [82/120] face (seed 1) | bots/Hades2_v7 as SILVER vs bots/Lethe: L -> bots/Lethe (T2000) [72.5s] | total: 41W-35L-0D
  [83/120] default_medium2 (seed 1) | bots/Hades2_v7 as SILVER vs bots/Lethe: L -> bots/Lethe (T2000) [137.0s] | total: 41W-36L-0D
  [84/120] donut (seed 1) | bots/Hades2_v7 as GOLD vs bots/Lethe: L -> bots/Lethe (T2000) [143.7s] | total: 41W-37L-0D
  [85/120] default_medium1 (seed 1) | bots/Hades2_v7 as GOLD vs bots/Lethe: W -> bots/Hades2_v7 (T2000) [168.7s] | total: 42W-37L-0D
  [86/120] default_medium1 (seed 1) | bots/Hades2_v7 as SILVER vs bots/Lethe: W -> bots/Hades2_v7 (T2000) [180.4s] | total: 43W-37L-0D
  [87/120] face (seed 1) | bots/Hades2_v7 as GOLD vs bots/Lethe: W -> bots/Hades2_v7 (T2000) [138.1s] | total: 44W-37L-0D
  [88/120] metropolitan_dystopia (seed 1) | bots/Hades2_v7 as SILVER vs bots/Lethe: W -> bots/Hades2_v7 (T1122) [70.5s] | total: 45W-37L-0D
  [89/120] metropolitan_dystopia (seed 1) | bots/Hades2_v7 as GOLD vs bots/Lethe: W -> bots/Hades2_v7 (T2000) [97.8s] | total: 46W-37L-0D
  [90/120] mandelbrot (seed 1) | bots/Hades2_v7 as SILVER vs bots/Lethe: W -> bots/Hades2_v7 (T1220) [132.0s] | total: 47W-37L-0D
  [91/120] mandelbrot (seed 1) | bots/Hades2_v7 as GOLD vs bots/Lethe: W -> bots/Hades2_v7 (T2000) [156.7s] | total: 48W-37L-0D
  [92/120] hooks (seed 1) | bots/Hades2_v7 as SILVER vs bots/Lethe: W -> bots/Hades2_v7 (T2000) [183.0s] | total: 49W-37L-0D
  [93/120] minimaze (seed 1) | bots/Hades2_v7 as SILVER vs bots/Lethe: W -> bots/Hades2_v7 (T2000) [149.5s] | total: 50W-37L-0D
  [94/120] shrub (seed 1) | bots/Hades2_v7 as GOLD vs bots/Lethe: W -> bots/Hades2_v7 (T506) [31.3s] | total: 51W-37L-0D
  [95/120] shrub (seed 1) | bots/Hades2_v7 as SILVER vs bots/Lethe: W -> bots/Hades2_v7 (T331) [14.9s] | total: 52W-37L-0D
  [96/120] minimaze (seed 1) | bots/Hades2_v7 as GOLD vs bots/Lethe: W -> bots/Hades2_v7 (T2000) [174.3s] | total: 53W-37L-0D
  [97/120] flappy_bird (seed 1) | bots/Hades2_v7 as GOLD vs bots/Lethe: L -> bots/Lethe (T2000) [262.2s] | total: 53W-38L-0D
  [98/120] rush_bait (seed 1) | bots/Hades2_v7 as SILVER vs bots/Lethe: L -> bots/Lethe (T1287) [122.5s] | total: 53W-39L-0D
  [99/120] pls_buy_cucats_merch (seed 1) | bots/Hades2_v7 as SILVER vs bots/Lethe: W -> bots/Hades2_v7 (T2000) [157.8s] | total: 54W-39L-0D
  [100/120] strings (seed 1) | bots/Hades2_v7 as GOLD vs bots/Lethe: W -> bots/Hades2_v7 (T584) [28.7s] | total: 55W-39L-0D
  [101/120] shish_kebab (seed 1) | bots/Hades2_v7 as GOLD vs bots/Lethe: W -> bots/Hades2_v7 (T2000) [133.3s] | total: 56W-39L-0D
  [102/120] shish_kebab (seed 1) | bots/Hades2_v7 as SILVER vs bots/Lethe: W -> bots/Hades2_v7 (T2000) [116.5s] | total: 57W-39L-0D
  [103/120] the_powerful_egg (seed 1) | bots/Hades2_v7 as GOLD vs bots/Lethe: L -> bots/Lethe (T537) [39.9s] | total: 57W-40L-0D
  [104/120] pls_buy_cucats_merch (seed 1) | bots/Hades2_v7 as GOLD vs bots/Lethe: W -> bots/Hades2_v7 (T2000) [222.9s] | total: 58W-40L-0D
  [105/120] rush_bait (seed 1) | bots/Hades2_v7 as GOLD vs bots/Lethe: W -> bots/Hades2_v7 (T2000) [203.8s] | total: 59W-40L-0D
  [106/120] flappy_bird (seed 1) | bots/Hades2_v7 as SILVER: ERROR [300.0s]
  [107/120] wall (seed 1) | bots/Hades2_v7 as SILVER vs bots/Lethe: W -> bots/Hades2_v7 (T193) [4.4s] | total: 60W-40L-0D
  [108/120] wall (seed 1) | bots/Hades2_v7 as GOLD vs bots/Lethe: W -> bots/Hades2_v7 (T302) [7.4s] | total: 61W-40L-0D
  [109/120] starry_night (seed 1) | bots/Hades2_v7 as SILVER vs bots/Lethe: L -> bots/Lethe (T2000) [92.0s] | total: 61W-41L-0D
  [110/120] the_powerful_egg (seed 1) | bots/Hades2_v7 as SILVER vs bots/Lethe: L -> bots/Lethe (T585) [49.7s] | total: 61W-42L-0D
  [111/120] starry_night (seed 1) | bots/Hades2_v7 as GOLD vs bots/Lethe: L -> bots/Lethe (T2000) [105.5s] | total: 61W-43L-0D
  [112/120] vase (seed 1) | bots/Hades2_v7 as GOLD vs bots/Lethe: W -> bots/Hades2_v7 (T837) [50.8s] | total: 62W-43L-0D
  [113/120] strings (seed 1) | bots/Hades2_v7 as SILVER vs bots/Lethe: W -> bots/Hades2_v7 (T1487) [102.3s] | total: 63W-43L-0D
  [114/120] tiles (seed 1) | bots/Hades2_v7 as GOLD vs bots/Lethe: L -> bots/Lethe (T2000) [94.4s] | total: 63W-44L-0D
  [115/120] sierpinski_evil (seed 1) | bots/Hades2_v7 as GOLD vs bots/Lethe: W -> bots/Hades2_v7 (T2000) [169.6s] | total: 64W-44L-0D
  [116/120] sierpinski_evil (seed 1) | bots/Hades2_v7 as SILVER vs bots/Lethe: W -> bots/Hades2_v7 (T2000) [167.7s] | total: 65W-44L-0D
  [117/120] tiles (seed 1) | bots/Hades2_v7 as SILVER vs bots/Lethe: W -> bots/Hades2_v7 (T2000) [113.9s] | total: 66W-44L-0D
  [118/120] vase (seed 1) | bots/Hades2_v7 as SILVER vs bots/Lethe: W -> bots/Hades2_v7 (T2000) [139.1s] | total: 67W-44L-0D
  [119/120] window_shopping (seed 1) | bots/Hades2_v7 as GOLD vs bots/Lethe: L -> bots/Lethe (T2000) [134.7s] | total: 67W-45L-0D
  [120/120] window_shopping (seed 1) | bots/Hades2_v7 as SILVER vs bots/Lethe: W -> bots/Hades2_v7 (T2000) [145.7s] | total: 68W-45L-0D
Completed in 1199.3s

=====================================================================================
  GAUNTLET LEADERBOARD
=====================================================================================
    #  Bot                 ELO     W     L     D      WR    AvgT   Err
  ---  --------------      ---    --    --    --      --    ----   ---
    1  bots/Hades2_v7   1561.1    68    45     0   60.2%    1351     7
    2  bots/Hades       1528.6    29    25     0   53.7%    1398     6
    3  bots/Lethe       1410.3    16    43     0   27.1%    1307     1

==========================================================================================
  HEAD-TO-HEAD  (p = one-sided binomial test that main bot is better; lower = stronger)
==========================================================================================
  Main Bot        vs  Opponent           W     L     D         p
  --------------  --  --------------    --    --    --    ------
  bots/Hades2_v7  vs  bots/Lethe        43    16     0    0.0003
  bots/Hades2_v7  vs  bots/Hades        25    29     0    0.7517

================================================================================
  PAIR BREAKDOWN for bots/Hades2_v7 (one pair = both sides on same map+seed)
================================================================================
  Opponent      2-0    1-1    0-2    D?   Pairs   PairWR
  ----------    ---    ---    ---    --   -----   ------
  bots/Hades      3     19      5     0      27    46.3%
  bots/Lethe     17      9      3     0      29    74.1%

============================================================
  SIDE BREAKDOWN for bots/Hades2_v7
============================================================
  Side           W     L     D   Total      WR
  ----------    --    --    --   -----    ----
  GOLD (A)      30    27     0      57   52.6%
  SILVER (B)    38    18     0      56   67.9%
