Gauntlet: bots/Hades2_v9 vs 2 opponent(s), 30 maps, 1 seed(s)
Total matches: 120
Threads: 12

  [1/120] cold (seed 1) | bots/Hades2_v9 as SILVER: ERROR [0.6s]
  [2/120] butterfly (seed 1) | bots/Hades2_v9 as SILVER: ERROR [0.6s]
  [3/120] butterfly (seed 1) | bots/Hades2_v9 as GOLD: ERROR [0.6s]
  [4/120] coffee (seed 1) | bots/Hades2_v9 as SILVER: ERROR [0.6s]
  [5/120] cinnamon_roll (seed 1) | bots/Hades2_v9 as GOLD: ERROR [0.6s]
  [6/120] climbing_wall (seed 1) | bots/Hades2_v9 as SILVER: ERROR [0.6s]
  [7/120] cinnamon_roll (seed 1) | bots/Hades2_v9 as SILVER: ERROR [0.6s]
  [8/120] craters (seed 1) | bots/Hades2_v9 as GOLD: ERROR [0.6s]
  [9/120] coffee (seed 1) | bots/Hades2_v9 as GOLD: ERROR [0.6s]
  [10/120] craters (seed 1) | bots/Hades2_v9 as SILVER: ERROR [0.6s]
  [11/120] cold (seed 1) | bots/Hades2_v9 as GOLD: ERROR [0.6s]
  [12/120] climbing_wall (seed 1) | bots/Hades2_v9 as GOLD: ERROR [0.6s]
  [13/120] default_small1 (seed 1) | bots/Hades2_v9 as GOLD: ERROR [0.6s]
  [14/120] flowers (seed 1) | bots/Hades2_v9 as GOLD: ERROR [0.6s]
  [15/120] galaxy (seed 1) | bots/Hades2_v9 as SILVER: ERROR [0.6s]
  [16/120] empty (seed 1) | bots/Hades2_v9 as GOLD: ERROR [0.6s]
  [17/120] flowers (seed 1) | bots/Hades2_v9 as SILVER: ERROR [0.6s]
  [18/120] default_medium1 (seed 1) | bots/Hades2_v9 as SILVER: ERROR [0.6s]
  [19/120] default_medium1 (seed 1) | bots/Hades2_v9 as GOLD: ERROR [0.6s]
  [20/120] galaxy (seed 1) | bots/Hades2_v9 as GOLD: ERROR [0.6s]
  [21/120] empty (seed 1) | bots/Hades2_v9 as SILVER: ERROR [0.6s]
  [22/120] default_medium2 (seed 1) | bots/Hades2_v9 as SILVER: ERROR [0.6s]
  [23/120] default_small1 (seed 1) | bots/Hades2_v9 as SILVER: ERROR [0.6s]
  [24/120] default_medium2 (seed 1) | bots/Hades2_v9 as GOLD: ERROR [0.6s]
  [25/120] landscape (seed 1) | bots/Hades2_v9 as SILVER: ERROR [0.5s]
  [26/120] rush_bait (seed 1) | bots/Hades2_v9 as GOLD: ERROR [0.5s]
  [27/120] separated (seed 1) | bots/Hades2_v9 as GOLD: ERROR [0.5s]
  [28/120] settlement (seed 1) | bots/Hades2_v9 as GOLD: ERROR [0.5s]
  [29/120] perch_point (seed 1) | bots/Hades2_v9 as SILVER: ERROR [0.5s]
  [30/120] hourglass (seed 1) | bots/Hades2_v9 as GOLD: ERROR [0.6s]
  [31/120] settlement (seed 1) | bots/Hades2_v9 as SILVER: ERROR [0.5s]
  [32/120] separated (seed 1) | bots/Hades2_v9 as SILVER: ERROR [0.5s]
  [33/120] perch_point (seed 1) | bots/Hades2_v9 as GOLD: ERROR [0.6s]
  [34/120] rush_bait (seed 1) | bots/Hades2_v9 as SILVER: ERROR [0.6s]
  [35/120] hourglass (seed 1) | bots/Hades2_v9 as SILVER: ERROR [0.6s]
  [36/120] landscape (seed 1) | bots/Hades2_v9 as GOLD: ERROR [0.6s]
  [37/120] sierpinski_evil (seed 1) | bots/Hades2_v9 as GOLD: ERROR [0.6s]
  [38/120] socket (seed 1) | bots/Hades2_v9 as GOLD: ERROR [0.6s]
  [39/120] strings (seed 1) | bots/Hades2_v9 as SILVER: ERROR [0.6s]
  [40/120] socket (seed 1) | bots/Hades2_v9 as SILVER: ERROR [0.6s]
  [41/120] strings (seed 1) | bots/Hades2_v9 as GOLD: ERROR [0.6s]
  [42/120] the_great_divide (seed 1) | bots/Hades2_v9 as SILVER: ERROR [0.5s]
  [43/120] tea (seed 1) | bots/Hades2_v9 as GOLD: ERROR [0.5s]
  [44/120] sierpinski_evil (seed 1) | bots/Hades2_v9 as SILVER: ERROR [0.6s]
  [45/120] shrub (seed 1) | bots/Hades2_v9 as GOLD: ERROR [0.6s]
  [46/120] shrub (seed 1) | bots/Hades2_v9 as SILVER: ERROR [0.6s]
  [47/120] tea (seed 1) | bots/Hades2_v9 as SILVER: ERROR [0.6s]
  [48/120] the_great_divide (seed 1) | bots/Hades2_v9 as GOLD: ERROR [0.6s]
  [49/120] thread_of_connection (seed 1) | bots/Hades2_v9 as SILVER: ERROR [0.5s]
  [50/120] we_love_tetris (seed 1) | bots/Hades2_v9 as GOLD: ERROR [0.5s]
  [51/120] wall (seed 1) | bots/Hades2_v9 as SILVER: ERROR [0.5s]
  [52/120] the_powerful_egg (seed 1) | bots/Hades2_v9 as GOLD: ERROR [0.5s]
  [53/120] we_love_tetris (seed 1) | bots/Hades2_v9 as SILVER: ERROR [0.5s]
  [54/120] wasteland_oasis (seed 1) | bots/Hades2_v9 as GOLD: ERROR [0.5s]
  [55/120] window_shopping (seed 1) | bots/Hades2_v9 as SILVER: ERROR [0.5s]
  [56/120] the_powerful_egg (seed 1) | bots/Hades2_v9 as SILVER: ERROR [0.6s]
  [57/120] thread_of_connection (seed 1) | bots/Hades2_v9 as GOLD: ERROR [0.6s]
  [58/120] wall (seed 1) | bots/Hades2_v9 as GOLD: ERROR [0.6s]
  [59/120] window_shopping (seed 1) | bots/Hades2_v9 as GOLD: ERROR [0.5s]
  [60/120] wasteland_oasis (seed 1) | bots/Hades2_v9 as SILVER: ERROR [0.6s]
  [61/120] cold (seed 1) | bots/Hades2_v9 as SILVER: ERROR [0.5s]
  [62/120] craters (seed 1) | bots/Hades2_v9 as SILVER: ERROR [0.5s]
  [63/120] climbing_wall (seed 1) | bots/Hades2_v9 as GOLD: ERROR [0.5s]
  [64/120] craters (seed 1) | bots/Hades2_v9 as GOLD: ERROR [0.5s]
  [65/120] coffee (seed 1) | bots/Hades2_v9 as SILVER: ERROR [0.5s]
  [66/120] cold (seed 1) | bots/Hades2_v9 as GOLD: ERROR [0.5s]
  [67/120] cinnamon_roll (seed 1) | bots/Hades2_v9 as GOLD: ERROR [0.6s]
  [68/120] butterfly (seed 1) | bots/Hades2_v9 as SILVER: ERROR [0.6s]
  [69/120] butterfly (seed 1) | bots/Hades2_v9 as GOLD: ERROR [0.6s]
  [70/120] cinnamon_roll (seed 1) | bots/Hades2_v9 as SILVER: ERROR [0.6s]
  [71/120] coffee (seed 1) | bots/Hades2_v9 as GOLD: ERROR [0.5s]
  [72/120] climbing_wall (seed 1) | bots/Hades2_v9 as SILVER: ERROR [0.6s]
  [73/120] default_medium1 (seed 1) | bots/Hades2_v9 as SILVER: ERROR [0.6s]
  [74/120] default_small1 (seed 1) | bots/Hades2_v9 as GOLD: ERROR [0.6s]
  [75/120] default_medium2 (seed 1) | bots/Hades2_v9 as SILVER: ERROR [0.6s]
  [76/120] default_medium2 (seed 1) | bots/Hades2_v9 as GOLD: ERROR [0.6s]
  [77/120] galaxy (seed 1) | bots/Hades2_v9 as GOLD: ERROR [0.6s]
  [78/120] galaxy (seed 1) | bots/Hades2_v9 as SILVER: ERROR [0.6s]
  [79/120] empty (seed 1) | bots/Hades2_v9 as GOLD: ERROR [0.6s]
  [80/120] flowers (seed 1) | bots/Hades2_v9 as GOLD: ERROR [0.6s]
  [81/120] default_medium1 (seed 1) | bots/Hades2_v9 as GOLD: ERROR [0.6s]
  [82/120] flowers (seed 1) | bots/Hades2_v9 as SILVER: ERROR [0.6s]
  [83/120] default_small1 (seed 1) | bots/Hades2_v9 as SILVER: ERROR [0.6s]
  [84/120] empty (seed 1) | bots/Hades2_v9 as SILVER: ERROR [0.6s]
  [85/120] perch_point (seed 1) | bots/Hades2_v9 as GOLD: ERROR [0.6s]
  [86/120] landscape (seed 1) | bots/Hades2_v9 as SILVER: ERROR [0.6s]
  [87/120] hourglass (seed 1) | bots/Hades2_v9 as GOLD: ERROR [0.6s]
  [88/120] rush_bait (seed 1) | bots/Hades2_v9 as GOLD: ERROR [0.6s]
  [89/120] perch_point (seed 1) | bots/Hades2_v9 as SILVER: ERROR [0.6s]
  [90/120] settlement (seed 1) | bots/Hades2_v9 as GOLD: ERROR [0.6s]
  [91/120] rush_bait (seed 1) | bots/Hades2_v9 as SILVER: ERROR [0.6s]
  [92/120] separated (seed 1) | bots/Hades2_v9 as SILVER: ERROR [0.6s]
  [93/120] separated (seed 1) | bots/Hades2_v9 as GOLD: ERROR [0.6s]
  [94/120] settlement (seed 1) | bots/Hades2_v9 as SILVER: ERROR [0.6s]
  [95/120] landscape (seed 1) | bots/Hades2_v9 as GOLD: ERROR [0.6s]
  [96/120] hourglass (seed 1) | bots/Hades2_v9 as SILVER: ERROR [0.6s]
  [97/120] sierpinski_evil (seed 1) | bots/Hades2_v9 as GOLD: ERROR [0.6s]
  [98/120] the_great_divide (seed 1) | bots/Hades2_v9 as SILVER: ERROR [0.5s]
  [99/120] shrub (seed 1) | bots/Hades2_v9 as SILVER: ERROR [0.6s]
  [100/120] tea (seed 1) | bots/Hades2_v9 as GOLD: ERROR [0.6s]
  [101/120] strings (seed 1) | bots/Hades2_v9 as GOLD: ERROR [0.6s]
  [102/120] socket (seed 1) | bots/Hades2_v9 as GOLD: ERROR [0.6s]
  [103/120] shrub (seed 1) | bots/Hades2_v9 as GOLD: ERROR [0.6s]
  [104/120] strings (seed 1) | bots/Hades2_v9 as SILVER: ERROR [0.6s]
  [105/120] sierpinski_evil (seed 1) | bots/Hades2_v9 as SILVER: ERROR [0.6s]
  [106/120] tea (seed 1) | bots/Hades2_v9 as SILVER: ERROR [0.6s]
  [107/120] the_great_divide (seed 1) | bots/Hades2_v9 as GOLD: ERROR [0.6s]
  [108/120] socket (seed 1) | bots/Hades2_v9 as SILVER: ERROR [0.6s]
  [109/120] we_love_tetris (seed 1) | bots/Hades2_v9 as GOLD: ERROR [0.5s]
  [110/120] thread_of_connection (seed 1) | bots/Hades2_v9 as GOLD: ERROR [0.6s]
  [111/120] wall (seed 1) | bots/Hades2_v9 as SILVER: ERROR [0.6s]
  [112/120] the_powerful_egg (seed 1) | bots/Hades2_v9 as SILVER: ERROR [0.6s]
  [113/120] the_powerful_egg (seed 1) | bots/Hades2_v9 as GOLD: ERROR [0.6s]
  [114/120] window_shopping (seed 1) | bots/Hades2_v9 as SILVER: ERROR [0.6s]
  [115/120] wasteland_oasis (seed 1) | bots/Hades2_v9 as SILVER: ERROR [0.6s]
  [116/120] wasteland_oasis (seed 1) | bots/Hades2_v9 as GOLD: ERROR [0.6s]
  [117/120] wall (seed 1) | bots/Hades2_v9 as GOLD: ERROR [0.6s]
  [118/120] window_shopping (seed 1) | bots/Hades2_v9 as GOLD: ERROR [0.6s]
  [119/120] thread_of_connection (seed 1) | bots/Hades2_v9 as SILVER: ERROR [0.6s]
  [120/120] we_love_tetris (seed 1) | bots/Hades2_v9 as SILVER: ERROR [0.6s]
Completed in 5.7s

=====================================================================================
  GAUNTLET LEADERBOARD
=====================================================================================
    #  Bot                 ELO     W     L     D      WR    AvgT   Err
  ---  --------------      ---    --    --    --      --    ----   ---
    1  bots/Hades2_v9   1500.0     0     0     0    0.0%       0   120
    2  bots/Hades       1500.0     0     0     0    0.0%       0    60
    3  bots/Lethe       1500.0     0     0     0    0.0%       0    60

==========================================================================================
  HEAD-TO-HEAD  (p = one-sided binomial test that main bot is better; lower = stronger)
==========================================================================================
  Main Bot        vs  Opponent           W     L     D         p
  --------------  --  --------------    --    --    --    ------
  bots/Hades2_v9  vs  bots/Hades         0     0     0    1.0000
  bots/Hades2_v9  vs  bots/Lethe         0     0     0    1.0000

================================================================================
  PAIR BREAKDOWN for bots/Hades2_v9 (one pair = both sides on same map+seed)
================================================================================
  Opponent      2-0    1-1    0-2    D?   Pairs   PairWR
  ----------    ---    ---    ---    --   -----   ------
  bots/Hades      0      0      0     0       0        -
  bots/Lethe      0      0      0     0       0        -

============================================================
  SIDE BREAKDOWN for bots/Hades2_v9
============================================================
  Side           W     L     D   Total      WR
  ----------    --    --    --   -----    ----
  GOLD (A)       0     0     0       0    0.0%
  SILVER (B)     0     0     0       0    0.0%
